<?xml version="1.0" encoding="UTF-8"?>
<!-- Generated by org.testng.reporters.JUnitReportReporter -->
<testsuite skipped="0" hostname="BDC8-LX-2QQ6PV2" name="apitests.FootballApiTests" tests="8" failures="0" timestamp="2021-02-09T14:36:25 IST" time="6.580" errors="0">
  <testcase name="extratcAllTeamNames" time="2.963" classname="apitests.FootballApiTests"/>
  <system-out/>
  <testcase name="getDetailsofOneArea" time="0.339" classname="apitests.FootballApiTests"/>
  <system-out/>
  <testcase name="getFirstTeamName" time="0.512" classname="apitests.FootballApiTests"/>
  <system-out/>
  <testcase name="getAllTeamData_DoCheckFirst" time="1.270" classname="apitests.FootballApiTests"/>
  <system-out/>
  <testcase name="getDateFounded" time="0.448" classname="apitests.FootballApiTests"/>
  <system-out/>
  <testcase name="getHeaders" time="0.333" classname="apitests.FootballApiTests"/>
  <system-out/>
  <testcase name="getAllTeamData" time="0.339" classname="apitests.FootballApiTests"/>
  <system-out/>
  <testcase name="getTeamName" time="0.376" classname="apitests.FootballApiTests"/>
  <system-out/>
</testsuite> <!-- apitests.FootballApiTests -->
